<?xml version="1.0" encoding="UTF-8"?>
<!-- Generated by org.testng.reporters.JUnitReportReporter -->
<testsuite hostname="LAPTOP-MB50M7DV" failures="0" tests="1" name="TestCases.WithoutFrameworkTestClass" time="26.925" errors="0" timestamp="2022-11-11T19:34:37 IST" skipped="0">
  <testcase classname="TestCases.WithoutFrameworkTestClass" name="test" time="26.925"/>
  <system-out/>
</testsuite> <!-- TestCases.WithoutFrameworkTestClass -->
